[debug] [2017-12-04T15:24:14.716Z] ----------------------------------------------------------------------
[debug] [2017-12-04T15:24:14.719Z] Command:       /usr/local/bin/node /usr/local/bin/firebase init
[debug] [2017-12-04T15:24:14.720Z] CLI Version:   3.15.4
[debug] [2017-12-04T15:24:14.720Z] Platform:      darwin
[debug] [2017-12-04T15:24:14.720Z] Node Version:  v8.9.1
[debug] [2017-12-04T15:24:14.720Z] Time:          Mon Dec 04 2017 10:24:14 GMT-0500 (EST)
[debug] [2017-12-04T15:24:14.721Z] ----------------------------------------------------------------------
[debug] 
[debug] [2017-12-04T15:24:14.732Z] > command requires scopes: ["email","openid","https://www.googleapis.com/auth/cloudplatformprojects.readonly","https://www.googleapis.com/auth/firebase"]
[debug] [2017-12-04T15:24:14.733Z] > authorizing via signed-in user
[info] 
     🔥🔥🔥🔥🔥🔥🔥🔥 🔥🔥🔥🔥 🔥🔥🔥🔥🔥🔥🔥🔥  🔥🔥🔥🔥🔥🔥🔥🔥 🔥🔥🔥🔥🔥🔥🔥🔥     🔥🔥🔥     🔥🔥🔥🔥🔥🔥  🔥🔥🔥🔥🔥🔥🔥🔥
     🔥🔥        🔥🔥  🔥🔥     🔥🔥 🔥🔥       🔥🔥     🔥🔥  🔥🔥   🔥🔥  🔥🔥       🔥🔥
     🔥🔥🔥🔥🔥🔥    🔥🔥  🔥🔥🔥🔥🔥🔥🔥🔥  🔥🔥🔥🔥🔥🔥   🔥🔥🔥🔥🔥🔥🔥🔥  🔥🔥🔥🔥🔥🔥🔥🔥🔥  🔥🔥🔥🔥🔥🔥  🔥🔥🔥🔥🔥🔥
     🔥🔥        🔥🔥  🔥🔥    🔥🔥  🔥🔥       🔥🔥     🔥🔥 🔥🔥     🔥🔥       🔥🔥 🔥🔥
     🔥🔥       🔥🔥🔥🔥 🔥🔥     🔥🔥 🔥🔥🔥🔥🔥🔥🔥🔥 🔥🔥🔥🔥🔥🔥🔥🔥  🔥🔥     🔥🔥  🔥🔥🔥🔥🔥🔥  🔥🔥🔥🔥🔥🔥🔥🔥

You're about to initialize a Firebase project in this directory:

  /Users/Barnabas/Sites/HackerYou/projects/project6/Valur-Morghulis

[info] 
=== Project Setup
[info] 
[info] First, let's associate this project directory with a Firebase project.
[info] You can create multiple project aliases by running firebase use --add, 
[info] but for now we'll just set up a default project.
[info] 
[debug] [2017-12-04T15:24:52.160Z] > refreshing access token with scopes: ["email","https://www.googleapis.com/auth/cloudplatformprojects.readonly","https://www.googleapis.com/auth/firebase","openid"]
[debug] [2017-12-04T15:24:52.160Z] >>> HTTP REQUEST POST https://www.googleapis.com/oauth2/v3/token { refresh_token: '1/Qln06aEfCrx0PxYloFxTE5kkwy6iwPHNzODvIRGFsA0',
  client_id: '563584335869-fgrhgmd47bqnekij5i8b5pr03ho849e6.apps.googleusercontent.com',
  client_secret: 'j9iVZfS8kkCEFUPaAeJV0sAi',
  grant_type: 'refresh_token',
  scope: 'email https://www.googleapis.com/auth/cloudplatformprojects.readonly https://www.googleapis.com/auth/firebase openid' } 
 Mon Dec 04 2017 10:24:52 GMT-0500 (EST)
[debug] [2017-12-04T15:24:52.423Z] <<< HTTP RESPONSE 200
[debug] [2017-12-04T15:24:52.437Z] >>> HTTP REQUEST GET https://admin.firebase.com/v1/projects  
 Mon Dec 04 2017 10:24:52 GMT-0500 (EST)
[debug] [2017-12-04T15:24:52.818Z] <<< HTTP RESPONSE 200
